<?xml version="1.0" encoding="UTF-8" ?>
<testsuite tests="2" failures="0" name="com.facebook.tests.Testng" time="18.158" errors="0" skipped="0">
  <properties>
    <property name="java.runtime.name" value="Java(TM) SE Runtime Environment"/>
    <property name="sun.boot.library.path" value="C:\Program Files\Java\jre1.8.0_40\bin"/>
    <property name="java.vm.version" value="25.40-b25"/>
    <property name="java.vm.vendor" value="Oracle Corporation"/>
    <property name="java.vendor.url" value="http://java.oracle.com/"/>
    <property name="path.separator" value=";"/>
    <property name="guice.disable.misplaced.annotation.check" value="true"/>
    <property name="java.vm.name" value="Java HotSpot(TM) Client VM"/>
    <property name="file.encoding.pkg" value="sun.io"/>
    <property name="user.script" value=""/>
    <property name="user.country" value="GB"/>
    <property name="sun.java.launcher" value="SUN_STANDARD"/>
    <property name="sun.os.patch.level" value="Service Pack 1"/>
    <property name="java.vm.specification.name" value="Java Virtual Machine Specification"/>
    <property name="user.dir" value="C:\Development\Eclipse\WorkspaceAppium\WebDriverTests"/>
    <property name="java.runtime.version" value="1.8.0_40-b26"/>
    <property name="java.awt.graphicsenv" value="sun.awt.Win32GraphicsEnvironment"/>
    <property name="java.endorsed.dirs" value="C:\Program Files\Java\jre1.8.0_40\lib\endorsed"/>
    <property name="os.arch" value="x86"/>
    <property name="java.io.tmpdir" value="C:\Users\VAMSHI~1\AppData\Local\Temp\"/>
    <property name="line.separator" value="
"/>
    <property name="java.vm.specification.vendor" value="Oracle Corporation"/>
    <property name="user.variant" value=""/>
    <property name="os.name" value="Windows 7"/>
    <property name="classworlds.conf" value="C:\Development\Eclipse\WorkspaceAppium\.metadata\.plugins\org.eclipse.m2e.launching\launches\m2conf2710855947261340843.tmp"/>
    <property name="sun.jnu.encoding" value="Cp1252"/>
    <property name="java.library.path" value="C:\Program Files\Java\jre1.8.0_40\bin;C:\Windows\Sun\Java\bin;C:\Windows\system32;C:\Windows;C:/Program Files/Java/jre1.8.0_40/bin/client;C:/Program Files/Java/jre1.8.0_40/bin;C:/Program Files/Java/jre1.8.0_40/lib/i386;C:\ProgramData\Oracle\Java\javapath;C:\Windows\system32;C:\Windows;C:\Windows\System32\Wbem;C:\Windows\System32\WindowsPowerShell\v1.0\;C:\Program Files\Broadcom\Broadcom 802.11\Driver;C:\Development\Git\cmd;C:\Development\Tomcat7\apache-tomcat-7.0.59\bin;C:\Program Files\HP\Unified Functional Testing\bin;C:\Users\vamshidhar\Downloads\Development\IEDriverServer_Win32_2.45.0;C:\Users\vamshidhar\Downloads\Development\AndroidDev\AndroidSDK/build-tools;C:\Users\vamshidhar\Downloads\Development\AndroidDev\AndroidSDK/platform-tools;C:\Users\vamshidhar\Downloads\Development\AndroidDev\AndroidSDK/tools;C:\Program Files\nodejs\;C:\Program Files\GtkSharp\2.12\bin;C:\Development\apache-maven-3.3.3-bin\apache-maven-3.3.3/bin;C:\Program Files\Windows Kits\8.1\Windows Performance Toolkit\;C:\Program Files\Microsoft SQL Server\110\Tools\Binn\;C:\Users\vamshidhar\AppData\Roaming\npm;C:\Development\Eclipse\eclipse-jee-luna-SR2-win32\eclipse;;."/>
    <property name="java.specification.name" value="Java Platform API Specification"/>
    <property name="java.class.version" value="52.0"/>
    <property name="sun.management.compiler" value="HotSpot Client Compiler"/>
    <property name="os.version" value="6.1"/>
    <property name="user.home" value="C:\Users\vamshidhar"/>
    <property name="user.timezone" value="Europe/London"/>
    <property name="java.awt.printerjob" value="sun.awt.windows.WPrinterJob"/>
    <property name="java.specification.version" value="1.8"/>
    <property name="file.encoding" value="Cp1252"/>
    <property name="user.name" value="vamshidhar"/>
    <property name="java.class.path" value="/C:/Development/Eclipse/eclipse-jee-luna-SR2-win32/eclipse/plugins/org.eclipse.m2e.maven.runtime_1.5.1.20150109-1819/jars/plexus-classworlds-2.5.1.jar"/>
    <property name="org.slf4j.simpleLogger.defaultLogLevel" value="info"/>
    <property name="java.vm.specification.version" value="1.8"/>
    <property name="sun.arch.data.model" value="32"/>
    <property name="java.home" value="C:\Program Files\Java\jre1.8.0_40"/>
    <property name="sun.java.command" value="org.codehaus.plexus.classworlds.launcher.Launcher -B test"/>
    <property name="java.specification.vendor" value="Oracle Corporation"/>
    <property name="user.language" value="en"/>
    <property name="awt.toolkit" value="sun.awt.windows.WToolkit"/>
    <property name="java.vm.info" value="mixed mode"/>
    <property name="java.version" value="1.8.0_40"/>
    <property name="java.ext.dirs" value="C:\Program Files\Java\jre1.8.0_40\lib\ext;C:\Windows\Sun\Java\lib\ext"/>
    <property name="sun.boot.class.path" value="C:\Program Files\Java\jre1.8.0_40\lib\resources.jar;C:\Program Files\Java\jre1.8.0_40\lib\rt.jar;C:\Program Files\Java\jre1.8.0_40\lib\sunrsasign.jar;C:\Program Files\Java\jre1.8.0_40\lib\jsse.jar;C:\Program Files\Java\jre1.8.0_40\lib\jce.jar;C:\Program Files\Java\jre1.8.0_40\lib\charsets.jar;C:\Program Files\Java\jre1.8.0_40\lib\jfr.jar;C:\Program Files\Java\jre1.8.0_40\classes"/>
    <property name="java.vendor" value="Oracle Corporation"/>
    <property name="maven.home" value="C:\Development\Eclipse\WorkspaceAppium\WebDriverTests\EMBEDDED"/>
    <property name="file.separator" value="\"/>
    <property name="java.vendor.url.bug" value="http://bugreport.sun.com/bugreport/"/>
    <property name="sun.cpu.endian" value="little"/>
    <property name="sun.io.unicode.encoding" value="UnicodeLittle"/>
    <property name="sun.desktop" value="windows"/>
    <property name="sun.cpu.isalist" value="pentium_pro+mmx pentium_pro pentium+mmx pentium i486 i386 i86"/>
  </properties>
  <testcase classname="com.facebook.tests.Testng" name="loadPage" time="6.866"/>
  <testcase classname="com.facebook.tests.Testng" name="fillForm" time="11.292"/>
</testsuite>