<?xml version="1.0" encoding="UTF-8"?>
<!-- Generated by org.testng.reporters.JUnitReportReporter -->
<testsuite hostname="vamshidhar-PC" name="com.facebook.tests.Testng" tests="2" failures="0" timestamp="16 May 2015 21:05:16 GMT" time="18.163" errors="0">
  <testcase name="loadPage" time="6.842" classname="com.facebook.tests.Testng"/>
  <testcase name="fillForm" time="11.321" classname="com.facebook.tests.Testng"/>
</testsuite> <!-- com.facebook.tests.Testng -->
